Lista con todos los opositores ordenados por calific. media

Identificador 11111 - nota final 8.14286
Identificador 55555 - nota final 7
Identificador 77777 - nota final 5.42857
Identificador 44444 - nota final 5.28571
Identificador 22222 - nota final 0
Identificador 33333 - nota final 0
Identificador 66666 - nota final 0
Identificador 88888 - nota final 0

Número de plazas: 2

Lista de opositores que no tienen plaza y suspensos

Identificador 77777 - nota final 5.42857
Identificador 44444 - nota final 5.28571
Identificador 22222 - nota final 0
Identificador 33333 - nota final 0
Identificador 66666 - nota final 0
Identificador 88888 - nota final 0

Lista de opositores que tienen plaza

Identificador 11111
Identificador 55555
Lista con todos los opositores ordenados por calific. media

Identificador 22222 - nota final 6.71429
Identificador 66666 - nota final 6.14286
Identificador 77777 - nota final 0

Número de plazas: 5

Lista de opositores que no tienen plaza y suspensos

Identificador 77777 - nota final 0

Lista de opositores que tienen plaza

Identificador 22222
Identificador 66666
