********* LISTA DE JUGADORES *********
Ar2 - Gabriel Martinelli Arsenal 25 mill. euros 
Mc5 - David Silva Manchester City 12 mill. euros 
Mu1 - Paul Pogba Manchester United 80 mill. euros 
Tot1 - Harry Kane Tottenham 120 mill. euros 
Tot5 - Dele Alli Tottenham 64 mill. euros 
Tot7 - Danny Rose Tottenham 16 mill. euros 
Wh5 - Declan Rice West Ham United 49.5 mill. euros 

*********  LISTA DE FICHAJES  *********
Tot1 - Real Madrid 110 mill. euros
Ar2 - Barcelona 25 mill. euros
Mc5 - Atletico Madrid 10 mill. euros
Tot5 - Arsenal 64 mill. euros


Y ahora veamos el total y como quedan las listas

El total de los fichajes es 89 millones de euros

********* LISTA DE JUGADORES *********
Ar2 - Gabriel Martinelli Barcelona 25 mill. euros 
Mc5 - David Silva Manchester City 12 mill. euros 
Mu1 - Paul Pogba Manchester United 80 mill. euros 
Tot1 - Harry Kane Tottenham 120 mill. euros 
Tot5 - Dele Alli Arsenal 64 mill. euros 
Tot7 - Danny Rose Tottenham 16 mill. euros 
Wh5 - Declan Rice West Ham United 49.5 mill. euros 

*********  LISTA DE FICHAJES  *********
Tot1 - Real Madrid 110 mill. euros
Mc5 - Atletico Madrid 10 mill. euros

